c:\users\b4027488\github\nclgl tutorials\nclgl\debug\nclgl.pdb
c:\users\b4027488\github\nclgl tutorials\nclgl\debug\nclgl.idb
c:\users\b4027488\github\nclgl tutorials\nclgl\debug\heightmap.obj
c:\users\b4027488\github\nclgl tutorials\nclgl\debug\keyboard.obj
c:\users\b4027488\github\nclgl tutorials\nclgl\debug\matrix4.obj
c:\users\b4027488\github\nclgl tutorials\nclgl\debug\md5anim.obj
c:\users\b4027488\github\nclgl tutorials\nclgl\debug\md5filedata.obj
c:\users\b4027488\github\nclgl tutorials\nclgl\debug\md5mesh.obj
c:\users\b4027488\github\nclgl tutorials\nclgl\debug\md5node.obj
c:\users\b4027488\github\nclgl tutorials\nclgl\debug\mesh.obj
c:\users\b4027488\github\nclgl tutorials\nclgl\debug\mouse.obj
c:\users\b4027488\github\nclgl tutorials\nclgl\debug\objmesh.obj
c:\users\b4027488\github\nclgl tutorials\nclgl\debug\oglrenderer.obj
c:\users\b4027488\github\nclgl tutorials\nclgl\debug\plane.obj
c:\users\b4027488\github\nclgl tutorials\nclgl\debug\postprocessingeffect.obj
c:\users\b4027488\github\nclgl tutorials\nclgl\debug\quaternion.obj
c:\users\b4027488\github\nclgl tutorials\nclgl\debug\renderer.obj
c:\users\b4027488\github\nclgl tutorials\nclgl\debug\scenenode.obj
c:\users\b4027488\github\nclgl tutorials\nclgl\debug\shader.obj
c:\users\b4027488\github\nclgl tutorials\nclgl\debug\stencilnode.obj
c:\users\b4027488\github\nclgl tutorials\nclgl\debug\texture.obj
c:\users\b4027488\github\nclgl tutorials\nclgl\debug\window.obj
c:\users\b4027488\github\nclgl tutorials\nclgl\debug\camera.obj
c:\users\b4027488\github\nclgl tutorials\nclgl\debug\frustum.obj
c:\users\b4027488\github\nclgl tutorials\nclgl\debug\gametimer.obj
c:\users\b4027488\github\nclgl tutorials\nclgl\debug\cubemaptexture.obj
c:\users\luke\documents\github\nclgl-coursework\nclgl\debug\nclgl.pdb
c:\users\luke\documents\github\nclgl-coursework\nclgl\debug\nclgl.idb
c:\users\luke\documents\github\nclgl-coursework\nclgl\debug\md5filedata.obj
c:\users\luke\documents\github\nclgl-coursework\nclgl\debug\md5mesh.obj
c:\users\luke\documents\github\nclgl-coursework\nclgl\debug\md5node.obj
c:\users\luke\documents\github\nclgl-coursework\nclgl\debug\mesh.obj
c:\users\luke\documents\github\nclgl-coursework\nclgl\debug\mouse.obj
c:\users\luke\documents\github\nclgl-coursework\nclgl\debug\objmesh.obj
c:\users\luke\documents\github\nclgl-coursework\nclgl\debug\oglrenderer.obj
c:\users\luke\documents\github\nclgl-coursework\nclgl\debug\plane.obj
c:\users\luke\documents\github\nclgl-coursework\nclgl\debug\postprocessingeffect.obj
c:\users\luke\documents\github\nclgl-coursework\nclgl\debug\quaternion.obj
c:\users\luke\documents\github\nclgl-coursework\nclgl\debug\renderer.obj
c:\users\luke\documents\github\nclgl-coursework\nclgl\debug\renderingmanager.obj
c:\users\luke\documents\github\nclgl-coursework\nclgl\debug\renderstage.obj
c:\users\luke\documents\github\nclgl-coursework\nclgl\debug\scene.obj
c:\users\luke\documents\github\nclgl-coursework\nclgl\debug\scenenode.obj
c:\users\luke\documents\github\nclgl-coursework\nclgl\debug\shader.obj
c:\users\luke\documents\github\nclgl-coursework\nclgl\debug\shadoweffect.obj
c:\users\luke\documents\github\nclgl-coursework\nclgl\debug\stencilnode.obj
c:\users\luke\documents\github\nclgl-coursework\nclgl\debug\texture.obj
c:\users\luke\documents\github\nclgl-coursework\nclgl\debug\window.obj
c:\users\luke\documents\github\nclgl-coursework\nclgl\debug\camera.obj
c:\users\luke\documents\github\nclgl-coursework\nclgl\debug\cubemaptexture.obj
c:\users\luke\documents\github\nclgl-coursework\nclgl\debug\frustum.obj
c:\users\luke\documents\github\nclgl-coursework\nclgl\debug\gametimer.obj
c:\users\luke\documents\github\nclgl-coursework\nclgl\debug\heightmap.obj
c:\users\luke\documents\github\nclgl-coursework\nclgl\debug\keyboard.obj
c:\users\luke\documents\github\nclgl-coursework\nclgl\debug\matrix4.obj
c:\users\luke\documents\github\nclgl-coursework\nclgl\debug\md5anim.obj
c:\users\b4027488\github\nclgl tutorials\graphics for games\debug\nclgl.lib
c:\users\luke\documents\github\nclgl-coursework\graphics for games\debug\nclgl.lib
c:\users\luke\documents\github\nclgl-coursework\graphics for games\debug\nclgl.pdb
c:\users\luke\documents\github\nclgl-coursework\nclgl\debug\nclgl.tlog\cl.command.1.tlog
c:\users\luke\documents\github\nclgl-coursework\nclgl\debug\nclgl.tlog\cl.read.1.tlog
c:\users\luke\documents\github\nclgl-coursework\nclgl\debug\nclgl.tlog\cl.write.1.tlog
c:\users\luke\documents\github\nclgl-coursework\nclgl\debug\nclgl.tlog\lib-link.read.1.tlog
c:\users\luke\documents\github\nclgl-coursework\nclgl\debug\nclgl.tlog\lib-link.write.1.tlog
c:\users\luke\documents\github\nclgl-coursework\nclgl\debug\nclgl.tlog\lib.command.1.tlog
