  SceneLoader.cpp
c:\users\b4027488\github\nclgl coursework\nclgl\scene.h(28): warning C4018: '<': signed/unsigned mismatch
c:\users\b4027488\github\nclgl coursework\nclgl\tessellatedheightmapnode.h(12): warning C4018: '<': signed/unsigned mismatch
c:\users\b4027488\github\nclgl coursework\graphics for games\graphics coursework\sceneloader.cpp(63): warning C4244: 'argument': conversion from 'float' to 'int', possible loss of data
c:\users\b4027488\github\nclgl coursework\graphics for games\graphics coursework\sceneloader.cpp(67): warning C4244: 'argument': conversion from 'double' to 'const float', possible loss of data
c:\users\b4027488\github\nclgl coursework\graphics for games\graphics coursework\sceneloader.cpp(69): warning C4305: 'argument': truncation from 'double' to 'float'
c:\users\b4027488\github\nclgl coursework\graphics for games\graphics coursework\sceneloader.cpp(126): warning C4244: 'argument': conversion from 'float' to 'int', possible loss of data
c:\users\b4027488\github\nclgl coursework\graphics for games\graphics coursework\sceneloader.cpp(230): warning C4244: 'argument': conversion from 'float' to 'int', possible loss of data
c:\users\b4027488\github\nclgl coursework\graphics for games\graphics coursework\sceneloader.cpp(239): warning C4244: 'argument': conversion from 'float' to 'int', possible loss of data
c:\users\b4027488\github\nclgl coursework\graphics for games\graphics coursework\sceneloader.cpp(355): warning C4305: 'argument': truncation from 'double' to 'float'
c:\users\b4027488\github\nclgl coursework\graphics for games\graphics coursework\sceneloader.cpp(359): warning C4305: 'argument': truncation from 'double' to 'float'
c:\users\b4027488\github\nclgl coursework\graphics for games\graphics coursework\sceneloader.cpp(363): warning C4305: 'argument': truncation from 'double' to 'float'
c:\users\b4027488\github\nclgl coursework\graphics for games\graphics coursework\sceneloader.cpp(503): warning C4305: 'argument': truncation from 'double' to 'float'
  main.cpp
c:\users\b4027488\github\nclgl coursework\nclgl\scene.h(28): warning C4018: '<': signed/unsigned mismatch
c:\users\b4027488\github\nclgl coursework\nclgl\tessellatedheightmapnode.h(12): warning C4018: '<': signed/unsigned mismatch
c:\users\b4027488\github\nclgl coursework\graphics for games\graphics coursework\main.cpp(61): warning C4244: '=': conversion from 'double' to 'int', possible loss of data
c:\users\b4027488\github\nclgl coursework\graphics for games\graphics coursework\main.cpp(116): warning C4244: 'argument': conversion from 'double' to 'float', possible loss of data
  Generating Code...
glew32.lib(glew.obj) : warning LNK4099: PDB 'vc120.pdb' was not found with 'glew32.lib(glew.obj)' or at 'C:\Users\B4027488\GitHub\NCLGL Coursework\Graphics For Games\Debug\vc120.pdb'; linking object as if no debug info
  GraphicsCoursework.vcxproj -> C:\Users\B4027488\GitHub\NCLGL Coursework\Graphics For Games\Debug\GraphicsCoursework.exe
  GraphicsCoursework.vcxproj -> C:\Users\B4027488\GitHub\NCLGL Coursework\Graphics For Games\Debug\GraphicsCoursework.pdb (Partial PDB)
